<?xml version="1.0" encoding="UTF-8"?>
<!-- Generated by org.testng.reporters.JUnitReportReporter -->
<testsuite hostname="ali-mahmoud" failures="0" tests="1" name="restassuredApi.OrangeHRMTest" time="7.042" errors="0" timestamp="2023-12-10T02:54:30 EET" skipped="0">
  <testcase classname="restassuredApi.OrangeHRMTest" name="testAddEmployee" time="7.042"/>
  <system-out/>
</testsuite> <!-- restassuredApi.OrangeHRMTest -->
